f:\mission1earth\mission1earth\debug\vc120.pdb
f:\mission1earth\mission1earth\debug\vc120.idb
f:\mission1earth\mission1earth\debug\camera.obj
f:\mission1earth\mission1earth\debug\entities.obj
f:\mission1earth\mission1earth\debug\errorlogger.obj
f:\mission1earth\mission1earth\debug\gamecode.obj
f:\mission1earth\mission1earth\debug\gameobject.obj
f:\mission1earth\mission1earth\debug\gametimer.obj
f:\mission1earth\mission1earth\debug\keyboardbuffer.obj
f:\mission1earth\mission1earth\debug\mydrawengine.obj
f:\mission1earth\mission1earth\debug\myinputs.obj
f:\mission1earth\mission1earth\debug\mysoundengine.obj
f:\mission1earth\mission1earth\debug\objectmanager.obj
f:\mission1earth\mission1earth\debug\shapes.obj
f:\mission1earth\mission1earth\debug\vector2d.obj
f:\mission1earth\mission1earth\debug\wincode.obj
j:\mission1earth\mission1earth\debug\vc120.pdb
j:\mission1earth\mission1earth\debug\vc120.idb
j:\mission1earth\mission1earth\debug\errorlogger.obj
j:\mission1earth\mission1earth\debug\gameobject.obj
j:\mission1earth\mission1earth\debug\keyboardbuffer.obj
j:\mission1earth\mission1earth\debug\objectmanager.obj
j:\mission1earth\mission1earth\debug\shapes.obj
j:\mission1earth\mission1earth\debug\camera.obj
j:\mission1earth\mission1earth\debug\entities.obj
j:\mission1earth\mission1earth\debug\gamecode.obj
j:\mission1earth\mission1earth\debug\gametimer.obj
j:\mission1earth\mission1earth\debug\mydrawengine.obj
j:\mission1earth\mission1earth\debug\myinputs.obj
j:\mission1earth\mission1earth\debug\mysoundengine.obj
j:\mission1earth\mission1earth\debug\vector2d.obj
j:\mission1earth\mission1earth\debug\wincode.obj
f:\mission1earth\debug\mission1earth.ilk
f:\mission1earth\debug\mission1earth.exe
f:\mission1earth\debug\mission1earth.pdb
j:\mission1earth\debug\mission1earth.ilk
j:\mission1earth\debug\mission1earth.exe
j:\mission1earth\debug\mission1earth.pdb
j:\mission1earth\mission1earth\debug\mission1earth.res
j:\mission1earth\mission1earth\debug\mission1earth.tlog\cl.read.1.tlog
j:\mission1earth\mission1earth\debug\mission1earth.tlog\link.read.1.tlog
j:\mission1earth\mission1earth\debug\mission1earth.tlog\cl.write.1.tlog
j:\mission1earth\mission1earth\debug\mission1earth.tlog\cl.command.1.tlog
j:\mission1earth\mission1earth\debug\mission1earth.tlog\link.command.1.tlog
j:\mission1earth\mission1earth\debug\mission1earth.tlog\link.write.1.tlog
j:\mission1earth\mission1earth\debug\mission1earth.tlog\rc.read.1.tlog
j:\mission1earth\mission1earth\debug\mission1earth.tlog\rc.write.1.tlog
j:\mission1earth\mission1earth\debug\mission1earth.tlog\rc.command.1.tlog
